\BOOKMARK [1][-]{section*.1}{\376\377\000T\000a\000b\000l\000e\000\040\000o\000f\000\040\000C\000o\000n\000t\000e\000n\000t\000s}{}% 1
\BOOKMARK [2][-]{section*.2}{\376\377\000F\000a\000c\000t\000o\000r\000y\000\040\000M\000e\000t\000h\000o\000d\000\040\000P\000a\000t\000t\000e\000r\000n}{section*.1}% 2
\BOOKMARK [1][-]{section*.3}{\376\377\000L\0000\0002\000\040\000-\000\040\000S\000t\000r\000i\000n\000g\000s}{}% 3
\BOOKMARK [2][-]{section*.4}{\376\377\000S\000o\000m\000e\000\040\000E\000x\000a\000m\000p\000l\000e\000s}{section*.3}% 4
\BOOKMARK [2][-]{section*.5}{\376\377\000R\000e\000s\000e\000r\000v\000e\000d\000\040\000C\000h\000a\000r\000a\000c\000t\000e\000r\000s}{section*.3}% 5
\BOOKMARK [2][-]{section*.6}{\376\377\000O\000p\000e\000r\000a\000t\000i\000o\000n\000s}{section*.3}% 6
\BOOKMARK [2][-]{section*.7}{\376\377\000I\000m\000m\000u\000t\000a\000b\000i\000l\000i\000t\000y}{section*.3}% 7
\BOOKMARK [2][-]{section*.8}{\376\377\000E\000q\000u\000a\000l\000i\000t\000y}{section*.3}% 8
\BOOKMARK [2][-]{section*.9}{\376\377\000W\000r\000a\000p\000p\000e\000r\000s\000\040\000a\000n\000d\000\040\000P\000r\000i\000m\000i\000t\000i\000v\000e\000s}{section*.3}% 9
\BOOKMARK [2][-]{section*.10}{\376\377\000B\000o\000x\000i\000n\000g\000/\000U\000n\000b\000o\000x\000i\000n\000g}{section*.3}% 10
\BOOKMARK [3][-]{section*.11}{\376\377\000B\000o\000x\000i\000n\000g}{section*.10}% 11
\BOOKMARK [3][-]{section*.12}{\376\377\000U\000n\000b\000o\000x\000i\000n\000g}{section*.10}% 12
\BOOKMARK [2][-]{section*.13}{\376\377\000F\000o\000r\000m\000a\000t\000t\000i\000n\000g}{section*.3}% 13
\BOOKMARK [1][-]{section*.14}{\376\377\000L\0000\0003\000\040\000-\000\040\000I\000n\000p\000u\000t\000\040\000a\000n\000d\000\040\000O\000u\000t\000p\000u\000t\000\040\000\050\000I\000/\000O\000\051}{}% 14
\BOOKMARK [2][-]{section*.15}{\376\377\000C\000o\000m\000m\000a\000n\000d\000\040\000L\000i\000n\000e\000\040\000A\000r\000g\000u\000m\000e\000n\000t\000s}{section*.14}% 15
\BOOKMARK [2][-]{section*.16}{\376\377\000S\000c\000a\000n\000n\000e\000r}{section*.14}% 16
\BOOKMARK [1][-]{section*.17}{\376\377\000L\0000\0004\000\040\000-\000\040\000A\000r\000r\000a\000y\000s}{}% 17
\BOOKMARK [1][-]{section*.18}{\376\377\000L\0000\0005\000\040\000-\000\040\000F\000i\000l\000e\000s}{}% 18
\BOOKMARK [1][-]{section*.19}{\376\377\000L\0000\0006\000\040\000-\000\040\000M\000e\000t\000h\000o\000d\000s}{}% 19
\BOOKMARK [2][-]{section*.20}{\376\377\000S\000i\000g\000n\000a\000t\000u\000r\000e}{section*.19}% 20
\BOOKMARK [2][-]{section*.21}{\376\377\000W\000h\000y\000\040\000t\000h\000o\000?}{section*.19}% 21
\BOOKMARK [2][-]{section*.22}{\376\377\000s\000t\000a\000t\000i\000c\000\040\000k\000e\000y\000w\000o\000r\000d}{section*.19}% 22
\BOOKMARK [2][-]{section*.23}{\376\377\000S\000c\000o\000p\000e}{section*.19}% 23
\BOOKMARK [2][-]{section*.24}{\376\377\000M\000u\000t\000a\000t\000i\000o\000n}{section*.19}% 24
\BOOKMARK [2][-]{section*.25}{\376\377\000O\000v\000e\000r\000l\000o\000a\000d\000i\000n\000g}{section*.19}% 25
\BOOKMARK [1][-]{section*.28}{\376\377\000L\0000\0007\000\040\000-\000\040\000C\000l\000a\000s\000s\000e\000s\000\040\000a\000n\000d\000\040\000O\000b\000j\000e\000c\000t\000s}{}% 26
\BOOKMARK [2][-]{section*.29}{\376\377\000O\000b\000j\000e\000c\000t\000s}{section*.28}% 27
\BOOKMARK [3][-]{section*.30}{\376\377\000S\000t\000a\000t\000i\000c\000\040\000v\000s\000\040\000I\000n\000s\000t\000a\000n\000c\000e}{section*.29}% 28
\BOOKMARK [2][-]{section*.35}{\376\377\000N\000u\000l\000l}{section*.28}% 29
\BOOKMARK [2][-]{section*.36}{\376\377\000I\000n\000s\000t\000a\000n\000t\000i\000a\000t\000i\000o\000n\000\040\000a\000n\000d\000\040\000M\000e\000m\000b\000e\000r\000\040\000A\000c\000c\000e\000s\000s}{section*.28}% 30
\BOOKMARK [2][-]{section*.37}{\376\377\000C\000o\000n\000s\000t\000r\000u\000c\000t\000o\000r\000s}{section*.28}% 31
\BOOKMARK [2][-]{section*.38}{\376\377\000S\000t\000a\000n\000d\000a\000r\000d\000\040\000M\000e\000t\000h\000o\000d\000s}{section*.28}% 32
\BOOKMARK [1][-]{section*.39}{\376\377\000L\0000\0008\000\040\000-\000\040\000P\000r\000i\000v\000a\000c\000y}{}% 33
\BOOKMARK [2][-]{section*.40}{\376\377\000M\000u\000t\000a\000b\000i\000l\000i\000t\000y}{section*.39}% 34
\BOOKMARK [2][-]{section*.41}{\376\377\000M\000o\000d\000i\000f\000i\000e\000r\000s}{section*.39}% 35
\BOOKMARK [3][-]{section*.42}{\376\377\000P\000r\000i\000v\000a\000t\000e}{section*.41}% 36
\BOOKMARK [3][-]{section*.43}{\376\377\000P\000r\000o\000t\000e\000c\000t\000e\000d}{section*.41}% 37
\BOOKMARK [3][-]{section*.44}{\376\377\000P\000u\000b\000l\000i\000c}{section*.41}% 38
\BOOKMARK [2][-]{section*.45}{\376\377\000G\000e\000t\000t\000e\000r\000s\000\040\000a\000n\000d\000\040\000S\000e\000t\000t\000e\000r\000s}{section*.39}% 39
\BOOKMARK [2][-]{section*.46}{\376\377\000P\000r\000i\000v\000a\000c\000y\000\040\000L\000e\000a\000k\000s}{section*.39}% 40
\BOOKMARK [2][-]{section*.47}{\376\377\000I\000m\000m\000u\000t\000a\000b\000i\000l\000i\000t\000y}{section*.39}% 41
\BOOKMARK [1][-]{section*.48}{\376\377\000L\0000\0009\000\040\000-\000\040\000I\000n\000h\000e\000r\000i\000t\000a\000n\000c\000e}{}% 42
\BOOKMARK [2][-]{section*.49}{\376\377\000Q\000u\000i\000c\000k\000\040\000R\000e\000f\000e\000r\000e\000n\000c\000e}{section*.48}% 43
\BOOKMARK [2][-]{section*.50}{\376\377\000D\000e\000f\000i\000n\000i\000t\000i\000o\000n}{section*.48}% 44
\BOOKMARK [2][-]{section*.51}{\376\377\000S\000u\000p\000e\000r\000c\000l\000a\000s\000s\000e\000s}{section*.48}% 45
\BOOKMARK [2][-]{section*.52}{\376\377\000S\000u\000b\000c\000l\000a\000s\000s}{section*.48}% 46
\BOOKMARK [2][-]{section*.53}{\376\377\000G\000i\000s\000t}{section*.48}% 47
\BOOKMARK [2][-]{section*.54}{\376\377\000E\000x\000a\000m\000p\000l\000e\000:\000\040\000C\000h\000e\000s\000s}{section*.48}% 48
\BOOKMARK [2][-]{section*.55}{\376\377\000S\000u\000p\000e\000r\000\040\000K\000e\000y\000w\000o\000r\000d}{section*.48}% 49
\BOOKMARK [2][-]{section*.56}{\376\377\000S\000h\000a\000d\000o\000w\000i\000n\000g}{section*.48}% 50
\BOOKMARK [2][-]{section*.57}{\376\377\000O\000v\000e\000r\000l\000o\000a\000d\000i\000n\000g}{section*.48}% 51
\BOOKMARK [2][-]{section*.58}{\376\377\000O\000v\000e\000r\000r\000i\000d\000i\000n\000g}{section*.48}% 52
\BOOKMARK [3][-]{section*.59}{\376\377\000W\000h\000y\000?}{section*.58}% 53
\BOOKMARK [1][-]{section*.60}{\376\377\000L\0001\0000\000\040\000-\000\040\000P\000o\000l\000y\000m\000o\000r\000p\000h\000i\000s\000m\000\040\000a\000n\000d\000\040\000A\000b\000s\000t\000r\000a\000c\000t\000\040\000C\000l\000a\000s\000s\000e\000s}{}% 54
\BOOKMARK [2][-]{section*.61}{\376\377\000T\000h\000e\000\040\000F\000o\000u\000r\000\040\000P\000r\000i\000n\000c\000i\000p\000l\000e\000s\000\040\000o\000f\000\040\000O\000b\000j\000e\000c\000t\000\040\000O\000r\000i\000e\000n\000t\000e\000d\000\040\000P\000r\000o\000g\000r\000a\000m\000m\000i\000n\000g}{section*.60}% 55
\BOOKMARK [3][-]{section*.62}{\376\377\000E\000n\000c\000a\000p\000s\000u\000l\000a\000t\000i\000o\000n}{section*.61}% 56
\BOOKMARK [3][-]{section*.63}{\376\377\000D\000a\000t\000a\000\040\000A\000b\000s\000t\000r\000a\000c\000t\000i\000o\000n}{section*.61}% 57
\BOOKMARK [3][-]{section*.64}{\376\377\000P\000o\000l\000y\000m\000o\000r\000p\000h\000i\000s\000m}{section*.61}% 58
\BOOKMARK [3][-]{section*.65}{\376\377\000I\000n\000h\000e\000r\000i\000t\000a\000n\000c\000e}{section*.61}% 59
\BOOKMARK [2][-]{section*.66}{\376\377\000T\000h\000e\000\040\000O\000b\000j\000e\000c\000t\000\040\000C\000l\000a\000s\000s}{section*.60}% 60
\BOOKMARK [2][-]{section*.67}{\376\377\000i\000n\000s\000t\000a\000n\000c\000e\000o\000f\000\040\000K\000e\000y\000w\000o\000r\000d}{section*.60}% 61
\BOOKMARK [2][-]{section*.68}{\376\377\000U\000p\000c\000a\000s\000t\000i\000n\000g}{section*.60}% 62
\BOOKMARK [2][-]{section*.69}{\376\377\000D\000o\000w\000n\000c\000a\000s\000t\000i\000n\000g}{section*.60}% 63
\BOOKMARK [2][-]{section*.70}{\376\377\000P\000o\000l\000y\000m\000o\000r\000p\000h\000i\000s\000m}{section*.60}% 64
\BOOKMARK [2][-]{section*.71}{\376\377\000A\000b\000s\000t\000r\000a\000c\000t\000\040\000M\000e\000t\000h\000o\000d\000s}{section*.60}% 65
\BOOKMARK [3][-]{section*.72}{\376\377\000D\000e\000f\000i\000n\000i\000t\000i\000o\000n}{section*.71}% 66
\BOOKMARK [2][-]{section*.73}{\376\377\000A\000b\000s\000t\000r\000a\000c\000t\000\040\000C\000l\000a\000s\000s\000e\000s}{section*.60}% 67
\BOOKMARK [2][-]{section*.74}{\376\377\000C\000o\000n\000c\000r\000e\000t\000e\000\040\000C\000l\000a\000s\000s\000e\000s}{section*.60}% 68
\BOOKMARK [1][-]{section*.75}{\376\377\000L\0001\0001\000\040\000-\000\040\000I\000n\000t\000e\000r\000f\000a\000c\000e\000s}{}% 69
\BOOKMARK [2][-]{section*.76}{\376\377\000H\000o\000w\000\040\000t\000o\000\040\000U\000s\000e\000\040\000I\000n\000t\000e\000r\000f\000a\000c\000e\000s}{section*.75}% 70
\BOOKMARK [2][-]{section*.77}{\376\377\000D\000e\000f\000a\000u\000l\000t\000\040\000M\000e\000t\000h\000o\000d\000s}{section*.75}% 71
\BOOKMARK [2][-]{section*.78}{\376\377\000E\000x\000t\000e\000n\000d\000i\000n\000g\000\040\000I\000n\000t\000e\000r\000f\000a\000c\000e\000s}{section*.75}% 72
\BOOKMARK [2][-]{section*.79}{\376\377\000A\000\040\000C\000o\000m\000m\000o\000n\000\040\000U\000s\000e\000\040\000-\000\040\000S\000o\000r\000t\000i\000n\000g\000\040\000-\000\040\000C\000o\000m\000p\000a\000r\000a\000b\000l\000e\000<\000T\000>}{section*.75}% 73
\BOOKMARK [1][-]{section*.80}{\376\377\000L\0001\0002\000\040\000-\000\040\000U\000n\000i\000f\000i\000e\000d\000\040\000M\000o\000d\000e\000l\000l\000i\000n\000g\000\040\000L\000a\000n\000g\000u\000a\000g\000e\000\040\000\050\000U\000M\000L\000\051}{}% 74
\BOOKMARK [2][-]{section*.81}{\376\377\000W\000h\000a\000t\000\040\000i\000s\000\040\000i\000t\000?}{section*.80}% 75
\BOOKMARK [2][-]{section*.82}{\376\377\000C\000l\000a\000s\000s\000\040\000R\000e\000p\000r\000e\000s\000e\000n\000t\000a\000t\000i\000o\000n}{section*.80}% 76
\BOOKMARK [3][-]{section*.83}{\376\377\000C\000l\000a\000s\000s\000\040\000A\000t\000t\000r\000i\000b\000u\000t\000e\000s}{section*.82}% 77
\BOOKMARK [3][-]{section*.84}{\376\377\000C\000l\000a\000s\000s\000\040\000M\000e\000t\000h\000o\000d\000s}{section*.82}% 78
\BOOKMARK [2][-]{section*.85}{\376\377\000C\000l\000a\000s\000s\000\040\000R\000e\000l\000a\000t\000i\000o\000n\000s\000h\000i\000p\000s}{section*.80}% 79
\BOOKMARK [3][-]{section*.86}{\376\377\000A\000s\000s\000o\000c\000i\000a\000t\000i\000o\000n}{section*.85}% 80
\BOOKMARK [3][-]{section*.87}{\376\377\000M\000u\000l\000t\000i\000p\000l\000i\000c\000i\000t\000y}{section*.85}% 81
\BOOKMARK [3][-]{section*.88}{\376\377\000E\000x\000a\000m\000p\000l\000e}{section*.85}% 82
\BOOKMARK [3][-]{section*.89}{\376\377\000A\000g\000g\000r\000e\000g\000a\000t\000i\000o\000n}{section*.85}% 83
\BOOKMARK [3][-]{section*.90}{\376\377\000C\000o\000m\000p\000o\000s\000i\000t\000i\000o\000n}{section*.85}% 84
\BOOKMARK [2][-]{section*.91}{\376\377\000G\000e\000n\000e\000r\000a\000l\000i\000z\000a\000t\000i\000o\000n\000\040\000-\000\040\000I\000n\000h\000e\000r\000i\000t\000a\000n\000c\000e}{section*.80}% 85
\BOOKMARK [1][-]{section*.92}{\376\377\000L\0001\0003\000\040\000-\000\040\000G\000e\000n\000e\000r\000i\000c\000s}{}% 86
\BOOKMARK [2][-]{section*.93}{\376\377\000I\000n\000t\000r\000o\000d\000u\000c\000t\000i\000o\000n}{section*.92}% 87
\BOOKMARK [2][-]{section*.94}{\376\377\000T\000h\000e\000\040\000C\000o\000m\000p\000a\000r\000a\000b\000l\000e\000\040\000I\000n\000t\000e\000r\000f\000a\000c\000e}{section*.92}% 88
\BOOKMARK [2][-]{section*.95}{\376\377\000W\000h\000a\000t\000\040\000d\000o\000e\000s\000\040\000T\000\040\000m\000e\000a\000n\000?}{section*.92}% 89
\BOOKMARK [2][-]{section*.96}{\376\377\000A\000r\000r\000a\000y\000L\000i\000s\000t}{section*.92}% 90
\BOOKMARK [2][-]{section*.99}{\376\377\000U\000s\000i\000n\000g\000\040\000t\000h\000e\000\040\000A\000r\000r\000a\000y\000L\000i\000s\000t\000\040\000C\000l\000a\000s\000s}{section*.92}% 91
\BOOKMARK [1][-]{section*.100}{\376\377\000L\0001\0004\000\040\000-\000\040\000E\000x\000c\000e\000p\000t\000i\000o\000n\000s}{}% 92
\BOOKMARK [2][-]{section*.101}{\376\377\000T\000y\000p\000e\000s\000\040\000o\000f\000\040\000E\000r\000r\000o\000r\000s}{section*.100}% 93
\BOOKMARK [2][-]{section*.102}{\376\377\000R\000u\000n\000t\000i\000m\000e\000\040\000E\000r\000r\000o\000r\000s}{section*.100}% 94
\BOOKMARK [3][-]{section*.103}{\376\377\000B\000e\000s\000t\000\040\000S\000o\000l\000u\000t\000i\000o\000n}{section*.102}% 95
\BOOKMARK [2][-]{section*.104}{\376\377\000E\000x\000c\000e\000p\000t\000i\000o\000n\000s}{section*.100}% 96
\BOOKMARK [3][-]{section*.105}{\376\377\000E\000x\000c\000e\000p\000t\000i\000o\000n\000\040\000H\000a\000n\000d\000l\000i\000n\000g}{section*.104}% 97
\BOOKMARK [3][-]{section*.106}{\376\377\000G\000e\000n\000e\000r\000a\000t\000i\000n\000g\000\040\000E\000x\000c\000e\000p\000t\000i\000o\000n\000s}{section*.104}% 98
\BOOKMARK [3][-]{section*.107}{\376\377\000D\000e\000f\000i\000n\000i\000n\000g\000\040\000E\000x\000c\000e\000p\000t\000i\000o\000n\000s}{section*.104}% 99
\BOOKMARK [3][-]{section*.108}{\376\377\000C\000h\000a\000i\000n\000i\000n\000g\000\040\000E\000x\000c\000e\000p\000t\000i\000o\000n\000s}{section*.104}% 100
\BOOKMARK [3][-]{section*.109}{\376\377\000T\000y\000p\000e\000s\000\040\000o\000f\000\040\000E\000x\000c\000e\000p\000t\000i\000o\000n\000s}{section*.104}% 101
\BOOKMARK [1][-]{section*.110}{\376\377\000L\0001\0007\000\040\000-\000\040\000S\000o\000f\000t\000w\000a\000r\000e\000\040\000T\000e\000s\000t\000i\000n\000g\000\040\000a\000n\000d\000\040\000D\000e\000s\000i\000g\000n}{}% 102
\BOOKMARK [2][-]{section*.111}{\376\377\000U\000n\000i\000t\000\040\000T\000e\000s\000t\000i\000n\000g}{section*.110}% 103
\BOOKMARK [3][-]{section*.112}{\376\377\000W\000h\000y\000\040\000u\000n\000i\000t\000\040\000t\000e\000s\000t\000i\000n\000g\000?}{section*.111}% 104
\BOOKMARK [1][-]{section*.113}{\376\377\000L\0001\0008\000/\000L\0001\0009\000\040\000-\000\040\000D\000e\000s\000i\000g\000n\000\040\000P\000a\000t\000t\000e\000r\000n\000s}{}% 105
\BOOKMARK [2][-]{section*.114}{\376\377\000A\000n\000a\000l\000y\000s\000i\000n\000g\000\040\000a\000n\000d\000\040\000P\000u\000b\000l\000i\000s\000h\000i\000n\000g\000\040\000a\000\040\000P\000a\000t\000t\000e\000r\000n}{section*.113}% 106
\BOOKMARK [2][-]{section*.115}{\376\377\000C\000o\000m\000m\000o\000n\000\040\000D\000e\000s\000i\000g\000n\000\040\000P\000a\000t\000t\000e\000r\000n\000s}{section*.113}% 107
\BOOKMARK [3][-]{section*.119}{\376\377\000T\000e\000m\000p\000l\000a\000t\000e\000\040\000M\000e\000t\000h\000o\000d}{section*.115}% 108
\BOOKMARK [3][-]{section*.123}{\376\377\000S\000t\000r\000a\000t\000e\000g\000y\000\040\000P\000a\000t\000t\000e\000r\000n}{section*.115}% 109
\BOOKMARK [3][-]{section*.124}{\376\377\000F\000a\000c\000t\000o\000r\000y\000\040\000M\000e\000t\000h\000o\000d\000\040\000P\000a\000t\000t\000e\000r\000n}{section*.115}% 110
\BOOKMARK [3][-]{section*.130}{\376\377\000O\000b\000s\000e\000r\000v\000e\000r\000\040\000P\000a\000t\000t\000e\000r\000n}{section*.115}% 111
\BOOKMARK [1][-]{section*.131}{\376\377\000L\0002\0000\000\040\000-\000\040\000A\000d\000v\000a\000n\000c\000e\000d\000\040\000J\000a\000v\000a\000\040\000a\000n\000d\000\040\000O\000O\000P\000\040\000C\000o\000n\000c\000e\000p\000t\000s}{}% 112
\BOOKMARK [2][-]{section*.132}{\376\377\000E\000n\000u\000m\000s\000\040\000\050\000e\000n\000u\000m\000e\000r\000a\000t\000e\000d\000\040\000t\000y\000p\000e\000s\000\051}{section*.131}% 113
\BOOKMARK [3][-]{section*.133}{\376\377\000D\000e\000f\000i\000n\000i\000t\000i\000o\000n}{section*.132}% 114
\BOOKMARK [3][-]{section*.134}{\376\377\000U\000s\000a\000g\000e}{section*.132}% 115
\BOOKMARK [3][-]{section*.135}{\376\377\000A\000c\000c\000e\000s\000s\000i\000n\000g}{section*.132}% 116
\BOOKMARK [3][-]{section*.136}{\376\377\000T\000y\000i\000n\000g\000\040\000o\000t\000h\000e\000r\000\040\000I\000n\000f\000o\000r\000m\000a\000t\000i\000o\000n}{section*.132}% 117
\BOOKMARK [2][-]{section*.137}{\376\377\000V\000a\000r\000i\000a\000d\000i\000c\000\040\000P\000a\000r\000a\000m\000e\000t\000e\000r\000s}{section*.131}% 118
\BOOKMARK [2][-]{section*.138}{\376\377\000F\000u\000n\000c\000t\000i\000o\000n\000a\000l\000\040\000I\000n\000t\000e\000r\000f\000a\000c\000e\000s}{section*.131}% 119
\BOOKMARK [2][-]{section*.139}{\376\377\000L\000a\000m\000b\000d\000a\000\040\000E\000x\000p\000r\000e\000s\000s\000i\000o\000n\000s}{section*.131}% 120
\BOOKMARK [2][-]{section*.140}{\376\377\000M\000e\000t\000h\000o\000d\000\040\000R\000e\000f\000e\000r\000e\000n\000c\000e}{section*.131}% 121
\BOOKMARK [2][-]{section*.141}{\376\377\000S\000t\000r\000e\000a\000m\000s}{section*.131}% 122
\BOOKMARK [3][-]{section*.142}{\376\377\000D\000e\000f\000i\000n\000i\000t\000i\000o\000n}{section*.141}% 123
\BOOKMARK [3][-]{section*.143}{\376\377\000E\000x\000a\000m\000p\000l\000e}{section*.141}% 124
\BOOKMARK [3][-]{section*.144}{\376\377\000O\000p\000e\000r\000a\000t\000i\000o\000n\000s}{section*.141}% 125
\BOOKMARK [2][-]{section*.145}{\376\377\000Y\000o\000u\000\040\000w\000i\000l\000l\000\040\000n\000o\000t\000\040\000b\000e\000\040\000e\000x\000p\000e\000c\000t\000e\000d\000\040\000t\000o\000\040\000w\000r\000i\000t\000e\000\040\000c\000o\000d\000e\000\040\000o\000n\000\040\000a\000n\000y\000t\000h\000i\000n\000g\000\040\000f\000r\000o\000m\000\040\000t\000h\000e\000s\000e\000\040\000n\000o\000t\000e\000s\000\040\000o\000n\000\040\000t\000h\000i\000s\000\040\000l\000e\000c\000t\000u\000r\000e\000.}{section*.131}% 126
\BOOKMARK [1][-]{section*.146}{\376\377\000L\0002\0001\000\040\000-\000\040\000G\000a\000m\000e\000s}{}% 127
\BOOKMARK [2][-]{section*.147}{\376\377\000S\000e\000q\000u\000e\000n\000t\000i\000a\000l\000\040\000P\000r\000o\000g\000r\000a\000m\000m\000i\000n\000g}{section*.146}% 128
\BOOKMARK [2][-]{section*.148}{\376\377\000E\000v\000e\000n\000t\000\040\000D\000r\000i\000v\000e\000n\000\040\000P\000r\000o\000g\000r\000a\000m\000m\000i\000n\000g}{section*.146}% 129
\BOOKMARK [3][-]{section*.152}{\376\377\000E\000x\000a\000m\000p\000l\000e\000s\000\040\000o\000f\000\040\000e\000v\000e\000n\000t\000-\000d\000r\000i\000v\000e\000n\000\040\000s\000y\000s\000t\000e\000m\000s}{section*.148}% 130
\BOOKMARK [2][-]{section*.153}{\376\377\000A\000s\000y\000n\000c\000h\000r\000o\000n\000o\000u\000s\000\040\000P\000r\000o\000g\000r\000a\000m\000m\000i\000n\000g}{section*.146}% 131
\BOOKMARK [2][-]{section*.156}{\376\377\000E\000n\000t\000i\000t\000y\000\040\000C\000o\000m\000p\000o\000n\000e\000n\000t\000\040\000A\000p\000p\000r\000o\000a\000c\000h}{section*.146}% 132
\BOOKMARK [1][-]{section*.157}{\376\377\000E\000x\000a\000m\000\040\000T\000i\000p\000s}{}% 133
\BOOKMARK [2][-]{section*.158}{\376\377\000W\000e\000e\000k\000\040\0001}{section*.157}% 134
\BOOKMARK [2][-]{section*.159}{\376\377\000W\000e\000e\000k\000\040\0002}{section*.157}% 135
\BOOKMARK [2][-]{section*.160}{\376\377\000W\000e\000e\000k\000\040\0003}{section*.157}% 136
\BOOKMARK [2][-]{section*.161}{\376\377\000W\000e\000e\000k\000\040\0004}{section*.157}% 137
\BOOKMARK [2][-]{section*.162}{\376\377\000W\000e\000e\000k\000\040\0005}{section*.157}% 138
\BOOKMARK [2][-]{section*.163}{\376\377\000W\000e\000e\000k\000\040\0006}{section*.157}% 139
\BOOKMARK [2][-]{section*.164}{\376\377\000W\000e\000e\000k\000\040\0007}{section*.157}% 140
\BOOKMARK [2][-]{section*.165}{\376\377\000W\000e\000e\000k\000\040\0009}{section*.157}% 141
\BOOKMARK [2][-]{section*.166}{\376\377\000W\000e\000e\000k\000\040\0001\0000}{section*.157}% 142
\BOOKMARK [2][-]{section*.167}{\376\377\000W\000e\000e\000k\000\040\0001\0001}{section*.157}% 143
\BOOKMARK [2][-]{section*.168}{\376\377\000E\000x\000a\000m\000\040\000S\000t\000r\000u\000c\000t\000u\000r\000e}{section*.157}% 144
\BOOKMARK [3][-]{section*.169}{\376\377\000Q\000u\000e\000s\000t\000i\000o\000n\000\040\0001\000\040\000\050\0002\0004\000\040\000M\000a\000r\000k\000s\000\051}{section*.168}% 145
\BOOKMARK [3][-]{section*.170}{\376\377\000Q\000u\000e\000s\000t\000i\000o\000n\000\040\0002\000\040\000\050\0003\0000\000\040\000M\000a\000r\000k\000s\000\051}{section*.168}% 146
\BOOKMARK [3][-]{section*.171}{\376\377\000Q\000u\000e\000s\000t\000i\000o\000n\000\040\0003\000\040\000\050\0002\0002\000\040\000m\000a\000r\000k\000s\000\051}{section*.168}% 147
\BOOKMARK [3][-]{section*.172}{\376\377\000Q\000u\000e\000s\000t\000i\000o\000n\000\040\0004\000\040\000\050\0002\0004\000\040\000m\000a\000r\000k\000s\000\051}{section*.168}% 148
\BOOKMARK [3][-]{section*.173}{\376\377\000Q\000u\000e\000s\000t\000i\000o\000n\000\040\0005\000\040\000\050\0002\0000\000\040\000m\000a\000r\000k\000s\000\051}{section*.168}% 149
